Release 14.7 - xst P.20131013 (nt64)
Copyright (c) 1995-2013 Xilinx, Inc.  All rights reserved.
--> Parameter TMPDIR set to xst/projnav.tmp


Total REAL time to Xst completion: 1.00 secs
Total CPU time to Xst completion: 0.60 secs
 
--> Parameter xsthdpdir set to xst


Total REAL time to Xst completion: 1.00 secs
Total CPU time to Xst completion: 0.61 secs
 
--> Reading design: Debouncer.prj

TABLE OF CONTENTS
  1) Synthesis Options Summary
  2) HDL Parsing
  3) HDL Elaboration
  4) HDL Synthesis
       4.1) HDL Synthesis Report
  5) Advanced HDL Synthesis
       5.1) Advanced HDL Synthesis Report
  6) Low Level Synthesis
  7) Partition Report
  8) Design Summary
       8.1) Primitive and Black Box Usage
       8.2) Device utilization summary
       8.3) Partition Resource Summary
       8.4) Timing Report
            8.4.1) Clock Information
            8.4.2) Asynchronous Control Signals Information
            8.4.3) Timing Summary
            8.4.4) Timing Details
            8.4.5) Cross Clock Domains Report


=========================================================================
*                      Synthesis Options Summary                        *
=========================================================================
---- Source Parameters
Input File Name                    : "Debouncer.prj"
Ignore Synthesis Constraint File   : NO

---- Target Parameters
Output File Name                   : "Debouncer"
Output Format                      : NGC
Target Device                      : xc7a100t-3-csg324

---- Source Options
Top Module Name                    : Debouncer
Automatic FSM Extraction           : YES
FSM Encoding Algorithm             : Auto
Safe Implementation                : No
FSM Style                          : LUT
RAM Extraction                     : Yes
RAM Style                          : Auto
ROM Extraction                     : Yes
Shift Register Extraction          : YES
ROM Style                          : Auto
Resource Sharing                   : YES
Asynchronous To Synchronous        : NO
Shift Register Minimum Size        : 2
Use DSP Block                      : Auto
Automatic Register Balancing       : No

---- Target Options
LUT Combining                      : Auto
Reduce Control Sets                : Auto
Add IO Buffers                     : YES
Global Maximum Fanout              : 100000
Add Generic Clock Buffer(BUFG)     : 32
Register Duplication               : YES
Optimize Instantiated Primitives   : NO
Use Clock Enable                   : Auto
Use Synchronous Set                : Auto
Use Synchronous Reset              : Auto
Pack IO Registers into IOBs        : Auto
Equivalent register Removal        : YES

---- General Options
Optimization Goal                  : Speed
Optimization Effort                : 1
Power Reduction                    : NO
Keep Hierarchy                     : No
Netlist Hierarchy                  : As_Optimized
RTL Output                         : Yes
Global Optimization                : AllClockNets
Read Cores                         : YES
Write Timing Constraints           : NO
Cross Clock Analysis               : NO
Hierarchy Separator                : /
Bus Delimiter                      : <>
Case Specifier                     : Maintain
Slice Utilization Ratio            : 100
BRAM Utilization Ratio             : 100
DSP48 Utilization Ratio            : 100
Auto BRAM Packing                  : NO
Slice Utilization Ratio Delta      : 5

=========================================================================


=========================================================================
*                          HDL Parsing                                  *
=========================================================================
Parsing VHDL file "C:\.Xilinx\AdvertismentPrjDSD\Debouncer.vhd" into library work
Parsing entity <Debouncer>.
Parsing architecture <arch1> of entity <debouncer>.

=========================================================================
*                            HDL Elaboration                            *
=========================================================================

Elaborating entity <Debouncer> (architecture <arch1>) with generics from library <work>.

=========================================================================
*                           HDL Synthesis                               *
=========================================================================

Synthesizing Unit <Debouncer>.
    Related source file is "C:\.Xilinx\AdvertismentPrjDSD\Debouncer.vhd".
        counterSize = 20
    Found 21-bit register for signal <counterOut>.
    Found 1-bit register for signal <result>.
    Found 2-bit register for signal <flipFlops>.
    Found 21-bit adder for signal <counterOut[20]_GND_6_o_add_0_OUT> created at line 47.
    Summary:
	inferred   1 Adder/Subtractor(s).
	inferred  24 D-type flip-flop(s).
Unit <Debouncer> synthesized.

=========================================================================
HDL Synthesis Report

Macro Statistics
# Adders/Subtractors                                   : 1
 21-bit adder                                          : 1
# Registers                                            : 3
 1-bit register                                        : 1
 2-bit register                                        : 1
 21-bit register                                       : 1
# Xors                                                 : 1
 1-bit xor2                                            : 1

=========================================================================

=========================================================================
*                       Advanced HDL Synthesis                          *
=========================================================================


Synthesizing (advanced) Unit <Debouncer>.
The following registers are absorbed into counter <counterOut>: 1 register on signal <counterOut>.
Unit <Debouncer> synthesized (advanced).

=========================================================================
Advanced HDL Synthesis Report

Macro Statistics
# Counters                                             : 1
 21-bit up counter                                     : 1
# Registers                                            : 3
 Flip-Flops                                            : 3
# Xors                                                 : 1
 1-bit xor2                                            : 1

=========================================================================

=========================================================================
*                         Low Level Synthesis                           *
=========================================================================

Optimizing unit <Debouncer> ...

Mapping all equations...
Building and optimizing final netlist ...
Found area constraint ratio of 100 (+ 5) on block Debouncer, actual ratio is 0.

Final Macro Processing ...

=========================================================================
Final Register Report

Macro Statistics
# Registers                                            : 24
 Flip-Flops                                            : 24

=========================================================================

=========================================================================
*                           Partition Report                            *
=========================================================================

Partition Implementation Status
-------------------------------

  No Partitions were found in this design.

-------------------------------

=========================================================================
*                            Design Summary                             *
=========================================================================

Top Level Output File Name         : Debouncer.ngc

Primitive and Black Box Usage:
------------------------------
# BELS                             : 67
#      GND                         : 1
#      INV                         : 2
#      LUT1                        : 20
#      LUT2                        : 1
#      LUT4                        : 1
#      MUXCY                       : 20
#      VCC                         : 1
#      XORCY                       : 21
# FlipFlops/Latches                : 24
#      FD                          : 3
#      FDRE                        : 21
# Clock Buffers                    : 1
#      BUFGP                       : 1
# IO Buffers                       : 2
#      IBUF                        : 1
#      OBUF                        : 1

Device utilization summary:
---------------------------

Selected Device : 7a100tcsg324-3 


Slice Logic Utilization: 
 Number of Slice Registers:              24  out of  126800     0%  
 Number of Slice LUTs:                   24  out of  63400     0%  
    Number used as Logic:                24  out of  63400     0%  

Slice Logic Distribution: 
 Number of LUT Flip Flop pairs used:     25
   Number with an unused Flip Flop:       1  out of     25     4%  
   Number with an unused LUT:             1  out of     25     4%  
   Number of fully used LUT-FF pairs:    23  out of     25    92%  
   Number of unique control sets:         2

IO Utilization: 
 Number of IOs:                           3
 Number of bonded IOBs:                   3  out of    210     1%  

Specific Feature Utilization:
 Number of BUFG/BUFGCTRLs:                1  out of     32     3%  

---------------------------
Partition Resource Summary:
---------------------------

  No Partitions were found in this design.

---------------------------


=========================================================================
Timing Report

NOTE: THESE TIMING NUMBERS ARE ONLY A SYNTHESIS ESTIMATE.
      FOR ACCURATE TIMING INFORMATION PLEASE REFER TO THE TRACE REPORT
      GENERATED AFTER PLACE-and-ROUTE.

Clock Information:
------------------
-----------------------------------+------------------------+-------+
Clock Signal                       | Clock buffer(FF name)  | Load  |
-----------------------------------+------------------------+-------+
clock                              | BUFGP                  | 24    |
-----------------------------------+------------------------+-------+

Asynchronous Control Signals Information:
----------------------------------------
No asynchronous control signals found in this design

Timing Summary:
---------------
Speed Grade: -3

   Minimum period: 1.921ns (Maximum Frequency: 520.481MHz)
   Minimum input arrival time before clock: 0.288ns
   Maximum output required time after clock: 0.645ns
   Maximum combinational path delay: No path found

Timing Details:
---------------
All values displayed in nanoseconds (ns)

=========================================================================
Timing constraint: Default period analysis for Clock 'clock'
  Clock period: 1.921ns (frequency: 520.481MHz)
  Total number of paths / destination ports: 299 / 65
-------------------------------------------------------------------------
Delay:               1.921ns (Levels of Logic = 22)
  Source:            counterOut_0 (FF)
  Destination:       counterOut_20 (FF)
  Source Clock:      clock rising
  Destination Clock: clock rising

  Data Path: counterOut_0 to counterOut_20
                                Gate     Net
    Cell:in->out      fanout   Delay   Delay  Logical Name (Net Name)
    ----------------------------------------  ------------
     FDRE:C->Q             1   0.361   0.279  counterOut_0 (counterOut_0)
     INV:I->O              1   0.113   0.000  Mcount_counterOut_lut<0>_INV_0 (Mcount_counterOut_lut<0>)
     MUXCY:S->O            1   0.353   0.000  Mcount_counterOut_cy<0> (Mcount_counterOut_cy<0>)
     MUXCY:CI->O           1   0.023   0.000  Mcount_counterOut_cy<1> (Mcount_counterOut_cy<1>)
     MUXCY:CI->O           1   0.023   0.000  Mcount_counterOut_cy<2> (Mcount_counterOut_cy<2>)
     MUXCY:CI->O           1   0.023   0.000  Mcount_counterOut_cy<3> (Mcount_counterOut_cy<3>)
     MUXCY:CI->O           1   0.023   0.000  Mcount_counterOut_cy<4> (Mcount_counterOut_cy<4>)
     MUXCY:CI->O           1   0.023   0.000  Mcount_counterOut_cy<5> (Mcount_counterOut_cy<5>)
     MUXCY:CI->O           1   0.023   0.000  Mcount_counterOut_cy<6> (Mcount_counterOut_cy<6>)
     MUXCY:CI->O           1   0.023   0.000  Mcount_counterOut_cy<7> (Mcount_counterOut_cy<7>)
     MUXCY:CI->O           1   0.023   0.000  Mcount_counterOut_cy<8> (Mcount_counterOut_cy<8>)
     MUXCY:CI->O           1   0.023   0.000  Mcount_counterOut_cy<9> (Mcount_counterOut_cy<9>)
     MUXCY:CI->O           1   0.023   0.000  Mcount_counterOut_cy<10> (Mcount_counterOut_cy<10>)
     MUXCY:CI->O           1   0.023   0.000  Mcount_counterOut_cy<11> (Mcount_counterOut_cy<11>)
     MUXCY:CI->O           1   0.023   0.000  Mcount_counterOut_cy<12> (Mcount_counterOut_cy<12>)
     MUXCY:CI->O           1   0.023   0.000  Mcount_counterOut_cy<13> (Mcount_counterOut_cy<13>)
     MUXCY:CI->O           1   0.023   0.000  Mcount_counterOut_cy<14> (Mcount_counterOut_cy<14>)
     MUXCY:CI->O           1   0.023   0.000  Mcount_counterOut_cy<15> (Mcount_counterOut_cy<15>)
     MUXCY:CI->O           1   0.023   0.000  Mcount_counterOut_cy<16> (Mcount_counterOut_cy<16>)
     MUXCY:CI->O           1   0.023   0.000  Mcount_counterOut_cy<17> (Mcount_counterOut_cy<17>)
     MUXCY:CI->O           1   0.023   0.000  Mcount_counterOut_cy<18> (Mcount_counterOut_cy<18>)
     MUXCY:CI->O           0   0.023   0.000  Mcount_counterOut_cy<19> (Mcount_counterOut_cy<19>)
     XORCY:CI->O           1   0.370   0.000  Mcount_counterOut_xor<20> (Result<20>)
     FDRE:D                    0.008          counterOut_20
    ----------------------------------------
    Total                      1.921ns (1.642ns logic, 0.279ns route)
                                       (85.5% logic, 14.5% route)

=========================================================================
Timing constraint: Default OFFSET IN BEFORE for Clock 'clock'
  Total number of paths / destination ports: 1 / 1
-------------------------------------------------------------------------
Offset:              0.288ns (Levels of Logic = 1)
  Source:            button (PAD)
  Destination:       flipFlops_1 (FF)
  Destination Clock: clock rising

  Data Path: button to flipFlops_1
                                Gate     Net
    Cell:in->out      fanout   Delay   Delay  Logical Name (Net Name)
    ----------------------------------------  ------------
     IBUF:I->O             1   0.001   0.279  button_IBUF (button_IBUF)
     FD:D                      0.008          flipFlops_1
    ----------------------------------------
    Total                      0.288ns (0.009ns logic, 0.279ns route)
                                       (3.1% logic, 96.9% route)

=========================================================================
Timing constraint: Default OFFSET OUT AFTER for Clock 'clock'
  Total number of paths / destination ports: 1 / 1
-------------------------------------------------------------------------
Offset:              0.645ns (Levels of Logic = 1)
  Source:            result (FF)
  Destination:       result (PAD)
  Source Clock:      clock rising

  Data Path: result to result
                                Gate     Net
    Cell:in->out      fanout   Delay   Delay  Logical Name (Net Name)
    ----------------------------------------  ------------
     FD:C->Q               2   0.361   0.283  result (result_OBUF)
     OBUF:I->O                 0.000          result_OBUF (result)
    ----------------------------------------
    Total                      0.645ns (0.361ns logic, 0.283ns route)
                                       (56.0% logic, 44.0% route)

=========================================================================

Cross Clock Domains Report:
--------------------------

Clock to Setup on destination clock clock
---------------+---------+---------+---------+---------+
               | Src:Rise| Src:Fall| Src:Rise| Src:Fall|
Source Clock   |Dest:Rise|Dest:Rise|Dest:Fall|Dest:Fall|
---------------+---------+---------+---------+---------+
clock          |    1.921|         |         |         |
---------------+---------+---------+---------+---------+

=========================================================================


Total REAL time to Xst completion: 54.00 secs
Total CPU time to Xst completion: 54.24 secs
 
--> 

Total memory usage is 400436 kilobytes

Number of errors   :    0 (   0 filtered)
Number of warnings :    0 (   0 filtered)
Number of infos    :    0 (   0 filtered)

